mobile-android/build/intermediates/manifest_merge_blame_file/debug/manifest-merger-blame-debug-report.txt
1<?xml version="1.0" encoding="utf-8"?>
2<manifest xmlns:android="http://schemas.android.com/apk/res/android"
3    package="com.healthtrack.mobile"
4    android:versionCode="1"
5    android:versionName="1.0" >
6
7    <uses-sdk
8        android:minSdkVersion="24"
9        android:targetSdkVersion="34" />
10
11    <uses-permission android:name="android.permission.INTERNET" />
11-->src\main\AndroidManifest.xml:4:5-67
11-->src\main\AndroidManifest.xml:4:22-64
12    <uses-permission android:name="android.permission.ACCESS_NETWORK_STATE" />
12-->src\main\AndroidManifest.xml:5:5-79
12-->src\main\AndroidManifest.xml:5:22-76
13    <uses-permission android:name="android.permission.ACCESS_FINE_LOCATION" />
13-->src\main\AndroidManifest.xml:6:5-79
13-->src\main\AndroidManifest.xml:6:22-76
14    <uses-permission android:name="android.permission.ACCESS_COARSE_LOCATION" />
14-->src\main\AndroidManifest.xml:7:5-81
14-->src\main\AndroidManifest.xml:7:22-78
15    <uses-permission android:name="android.permission.BLUETOOTH" />
15-->src\main\AndroidManifest.xml:8:5-68
15-->src\main\AndroidManifest.xml:8:22-65
16    <uses-permission android:name="android.permission.VIBRATE" />
16-->src\main\AndroidManifest.xml:9:5-66
16-->src\main\AndroidManifest.xml:9:22-63
17    <uses-permission android:name="android.permission.CAMERA" />
17-->src\main\AndroidManifest.xml:10:5-65
17-->src\main\AndroidManifest.xml:10:22-62
18    <uses-permission android:name="android.permission.RECORD_AUDIO" />
18-->src\main\AndroidManifest.xml:11:5-71
18-->src\main\AndroidManifest.xml:11:22-68
19
20    <uses-feature
20-->src\main\AndroidManifest.xml:12:5-85
21        android:name="android.hardware.camera"
21-->src\main\AndroidManifest.xml:12:19-57
22        android:required="false" />
22-->src\main\AndroidManifest.xml:12:58-82
23    <uses-feature
23-->src\main\AndroidManifest.xml:13:5-89
24        android:name="android.hardware.microphone"
24-->src\main\AndroidManifest.xml:13:19-61
25        android:required="false" />
25-->src\main\AndroidManifest.xml:13:62-86
26
27    <permission
27-->[androidx.core:core:1.9.0] AndroidManifest.xml:22:5-24:47
28        android:name="com.healthtrack.mobile.DYNAMIC_RECEIVER_NOT_EXPORTED_PERMISSION"
28-->[androidx.core:core:1.9.0] AndroidManifest.xml:23:9-81
29        android:protectionLevel="signature" />
29-->[androidx.core:core:1.9.0] AndroidManifest.xml:24:9-44
30
31    <uses-permission android:name="com.healthtrack.mobile.DYNAMIC_RECEIVER_NOT_EXPORTED_PERMISSION" />
31-->[androidx.core:core:1.9.0] AndroidManifest.xml:26:5-97
31-->[androidx.core:core:1.9.0] AndroidManifest.xml:26:22-94
32
33    <application
33-->src\main\AndroidManifest.xml:15:5-59:19
34        android:allowBackup="true"
34-->src\main\AndroidManifest.xml:16:9-35
35        android:appComponentFactory="androidx.core.app.CoreComponentFactory"
35-->[androidx.core:core:1.9.0] AndroidManifest.xml:28:18-86
36        android:debuggable="true"
37        android:extractNativeLibs="false"
38        android:icon="@drawable/icon2"
38-->src\main\AndroidManifest.xml:17:9-39
39        android:label="HealthTrack AI"
39-->src\main\AndroidManifest.xml:18:9-39
40        android:roundIcon="@drawable/icon2"
40-->src\main\AndroidManifest.xml:19:9-44
41        android:supportsRtl="true"
41-->src\main\AndroidManifest.xml:20:9-35
42        android:testOnly="true"
43        android:theme="@style/Theme.HealthTrack"
43-->src\main\AndroidManifest.xml:21:9-49
44        android:usesCleartextTraffic="true" >
44-->src\main\AndroidManifest.xml:22:9-44
45        <activity
45-->src\main\AndroidManifest.xml:24:9-32:20
46            android:name="com.healthtrack.mobile.activities.SplashActivity"
46-->src\main\AndroidManifest.xml:25:13-54
47            android:exported="true"
47-->src\main\AndroidManifest.xml:26:13-36
48            android:theme="@style/Theme.HealthTrack.Splash" >
48-->src\main\AndroidManifest.xml:27:13-60
49            <intent-filter>
49-->src\main\AndroidManifest.xml:28:13-31:29
50                <action android:name="android.intent.action.MAIN" />
50-->src\main\AndroidManifest.xml:29:17-69
50-->src\main\AndroidManifest.xml:29:25-66
51
52                <category android:name="android.intent.category.LAUNCHER" />
52-->src\main\AndroidManifest.xml:30:17-77
52-->src\main\AndroidManifest.xml:30:27-74
53            </intent-filter>
54        </activity>
55        <activity
55-->src\main\AndroidManifest.xml:34:9-87
56            android:name="com.healthtrack.mobile.activities.LoginActivity"
56-->src\main\AndroidManifest.xml:34:19-59
57            android:exported="false" />
57-->src\main\AndroidManifest.xml:34:60-84
58        <activity
58-->src\main\AndroidManifest.xml:35:9-90
59            android:name="com.healthtrack.mobile.activities.RegisterActivity"
59-->src\main\AndroidManifest.xml:35:19-62
60            android:exported="false" />
60-->src\main\AndroidManifest.xml:35:63-87
61        <activity
61-->src\main\AndroidManifest.xml:36:9-86
62            android:name="com.healthtrack.mobile.activities.MainActivity"
62-->src\main\AndroidManifest.xml:36:19-58
63            android:exported="false" />
63-->src\main\AndroidManifest.xml:36:59-83
64        <activity
64-->src\main\AndroidManifest.xml:37:9-97
65            android:name="com.healthtrack.mobile.activities.DoctorDashboardActivity"
65-->src\main\AndroidManifest.xml:37:19-69
66            android:exported="false" />
66-->src\main\AndroidManifest.xml:37:70-94
67        <activity
67-->src\main\AndroidManifest.xml:38:9-96
68            android:name="com.healthtrack.mobile.activities.AdminDashboardActivity"
68-->src\main\AndroidManifest.xml:38:19-68
69            android:exported="false" />
69-->src\main\AndroidManifest.xml:38:69-93
70        <activity
70-->src\main\AndroidManifest.xml:39:9-96
71            android:name="com.healthtrack.mobile.activities.PatientRecordsActivity"
71-->src\main\AndroidManifest.xml:39:19-68
72            android:exported="false" />
72-->src\main\AndroidManifest.xml:39:69-93
73        <activity
73-->src\main\AndroidManifest.xml:40:9-97
74            android:name="com.healthtrack.mobile.activities.AddHealthRecordActivity"
74-->src\main\AndroidManifest.xml:40:19-69
75            android:exported="false" />
75-->src\main\AndroidManifest.xml:40:70-94
76        <activity
76-->src\main\AndroidManifest.xml:41:9-89
77            android:name="com.healthtrack.mobile.activities.HistoryActivity"
77-->src\main\AndroidManifest.xml:41:19-61
78            android:exported="false" />
78-->src\main\AndroidManifest.xml:41:62-86
79        <activity
79-->src\main\AndroidManifest.xml:42:9-88
80            android:name="com.healthtrack.mobile.activities.AlertsActivity"
80-->src\main\AndroidManifest.xml:42:19-60
81            android:exported="false" />
81-->src\main\AndroidManifest.xml:42:61-85
82        <activity
82-->src\main\AndroidManifest.xml:43:9-94
83            android:name="com.healthtrack.mobile.activities.AppointmentsActivity"
83-->src\main\AndroidManifest.xml:43:19-66
84            android:exported="false" />
84-->src\main\AndroidManifest.xml:43:67-91
85        <activity
85-->src\main\AndroidManifest.xml:44:9-93
86            android:name="com.healthtrack.mobile.activities.MedicationsActivity"
86-->src\main\AndroidManifest.xml:44:19-65
87            android:exported="false" />
87-->src\main\AndroidManifest.xml:44:66-90
88        <activity
88-->src\main\AndroidManifest.xml:45:9-89
89            android:name="com.healthtrack.mobile.activities.ProfileActivity"
89-->src\main\AndroidManifest.xml:45:19-61
90            android:exported="false" />
90-->src\main\AndroidManifest.xml:45:62-86
91        <activity
91-->src\main\AndroidManifest.xml:46:9-85
92            android:name="com.healthtrack.mobile.activities.SosActivity"
92-->src\main\AndroidManifest.xml:46:19-57
93            android:exported="false" />
93-->src\main\AndroidManifest.xml:46:58-82
94        <activity
94-->src\main\AndroidManifest.xml:47:9-85
95            android:name="com.healthtrack.mobile.activities.OcrActivity"
95-->src\main\AndroidManifest.xml:47:19-57
96            android:exported="false" />
96-->src\main\AndroidManifest.xml:47:58-82
97        <activity
97-->src\main\AndroidManifest.xml:48:9-88
98            android:name="com.healthtrack.mobile.activities.AvatarActivity"
98-->src\main\AndroidManifest.xml:48:19-60
99            android:exported="false" />
99-->src\main\AndroidManifest.xml:48:61-85
100
101        <provider
102            android:name="androidx.core.content.FileProvider"
102-->src\main\AndroidManifest.xml:51:13-62
103            android:authorities="com.healthtrack.mobile.fileprovider"
103-->src\main\AndroidManifest.xml:52:13-64
104            android:exported="false"
104-->src\main\AndroidManifest.xml:53:13-37
105            android:grantUriPermissions="true" >
105-->src\main\AndroidManifest.xml:54:13-47
106            <meta-data
106-->src\main\AndroidManifest.xml:55:13-57:54
107                android:name="android.support.FILE_PROVIDER_PATHS"
107-->src\main\AndroidManifest.xml:56:17-67
108                android:resource="@xml/file_paths" />
108-->src\main\AndroidManifest.xml:57:17-51
109        </provider>
110        <provider
110-->[androidx.emoji2:emoji2:1.2.0] AndroidManifest.xml:24:9-32:20
111            android:name="androidx.startup.InitializationProvider"
111-->[androidx.emoji2:emoji2:1.2.0] AndroidManifest.xml:25:13-67
112            android:authorities="com.healthtrack.mobile.androidx-startup"
112-->[androidx.emoji2:emoji2:1.2.0] AndroidManifest.xml:26:13-68
113            android:exported="false" >
113-->[androidx.emoji2:emoji2:1.2.0] AndroidManifest.xml:27:13-37
114            <meta-data
114-->[androidx.emoji2:emoji2:1.2.0] AndroidManifest.xml:29:13-31:52
115                android:name="androidx.emoji2.text.EmojiCompatInitializer"
115-->[androidx.emoji2:emoji2:1.2.0] AndroidManifest.xml:30:17-75
116                android:value="androidx.startup" />
116-->[androidx.emoji2:emoji2:1.2.0] AndroidManifest.xml:31:17-49
117            <meta-data
117-->[androidx.lifecycle:lifecycle-process:2.6.2] AndroidManifest.xml:29:13-31:52
118                android:name="androidx.lifecycle.ProcessLifecycleInitializer"
118-->[androidx.lifecycle:lifecycle-process:2.6.2] AndroidManifest.xml:30:17-78
119                android:value="androidx.startup" />
119-->[androidx.lifecycle:lifecycle-process:2.6.2] AndroidManifest.xml:31:17-49
120            <meta-data
120-->[androidx.profileinstaller:profileinstaller:1.3.0] AndroidManifest.xml:29:13-31:52
121                android:name="androidx.profileinstaller.ProfileInstallerInitializer"
121-->[androidx.profileinstaller:profileinstaller:1.3.0] AndroidManifest.xml:30:17-85
122                android:value="androidx.startup" />
122-->[androidx.profileinstaller:profileinstaller:1.3.0] AndroidManifest.xml:31:17-49
123        </provider>
124
125        <uses-library
125-->[androidx.window:window:1.0.0] AndroidManifest.xml:25:9-27:40
126            android:name="androidx.window.extensions"
126-->[androidx.window:window:1.0.0] AndroidManifest.xml:26:13-54
127            android:required="false" />
127-->[androidx.window:window:1.0.0] AndroidManifest.xml:27:13-37
128        <uses-library
128-->[androidx.window:window:1.0.0] AndroidManifest.xml:28:9-30:40
129            android:name="androidx.window.sidecar"
129-->[androidx.window:window:1.0.0] AndroidManifest.xml:29:13-51
130            android:required="false" />
130-->[androidx.window:window:1.0.0] AndroidManifest.xml:30:13-37
131
132        <receiver
132-->[androidx.profileinstaller:profileinstaller:1.3.0] AndroidManifest.xml:34:9-52:20
133            android:name="androidx.profileinstaller.ProfileInstallReceiver"
133-->[androidx.profileinstaller:profileinstaller:1.3.0] AndroidManifest.xml:35:13-76
134            android:directBootAware="false"
134-->[androidx.profileinstaller:profileinstaller:1.3.0] AndroidManifest.xml:36:13-44
135            android:enabled="true"
135-->[androidx.profileinstaller:profileinstaller:1.3.0] AndroidManifest.xml:37:13-35
136            android:exported="true"
136-->[androidx.profileinstaller:profileinstaller:1.3.0] AndroidManifest.xml:38:13-36
137            android:permission="android.permission.DUMP" >
137-->[androidx.profileinstaller:profileinstaller:1.3.0] AndroidManifest.xml:39:13-57
138            <intent-filter>
138-->[androidx.profileinstaller:profileinstaller:1.3.0] AndroidManifest.xml:40:13-42:29
139                <action android:name="androidx.profileinstaller.action.INSTALL_PROFILE" />
139-->[androidx.profileinstaller:profileinstaller:1.3.0] AndroidManifest.xml:41:17-91
139-->[androidx.profileinstaller:profileinstaller:1.3.0] AndroidManifest.xml:41:25-88
140            </intent-filter>
141            <intent-filter>
141-->[androidx.profileinstaller:profileinstaller:1.3.0] AndroidManifest.xml:43:13-45:29
142                <action android:name="androidx.profileinstaller.action.SKIP_FILE" />
142-->[androidx.profileinstaller:profileinstaller:1.3.0] AndroidManifest.xml:44:17-85
142-->[androidx.profileinstaller:profileinstaller:1.3.0] AndroidManifest.xml:44:25-82
143            </intent-filter>
144            <intent-filter>
144-->[androidx.profileinstaller:profileinstaller:1.3.0] AndroidManifest.xml:46:13-48:29
145                <action android:name="androidx.profileinstaller.action.SAVE_PROFILE" />
145-->[androidx.profileinstaller:profileinstaller:1.3.0] AndroidManifest.xml:47:17-88
145-->[androidx.profileinstaller:profileinstaller:1.3.0] AndroidManifest.xml:47:25-85
146            </intent-filter>
147            <intent-filter>
147-->[androidx.profileinstaller:profileinstaller:1.3.0] AndroidManifest.xml:49:13-51:29
148                <action android:name="androidx.profileinstaller.action.BENCHMARK_OPERATION" />
148-->[androidx.profileinstaller:profileinstaller:1.3.0] AndroidManifest.xml:50:17-95
148-->[androidx.profileinstaller:profileinstaller:1.3.0] AndroidManifest.xml:50:25-92
149            </intent-filter>
150        </receiver>
151    </application>
152
153</manifest>